2017-03-18 10:24:57 startup packages configure
2017-03-18 10:24:57 configure gcc-4.8-base:amd64 4.8.4-1 <none>
2017-03-18 10:24:57 status unpacked gcc-4.8-base:amd64 4.8.4-1
2017-03-18 10:24:57 status half-configured gcc-4.8-base:amd64 4.8.4-1
2017-03-18 10:24:58 status installed gcc-4.8-base:amd64 4.8.4-1
2017-03-18 10:24:58 configure lsb-base:all 4.1+Debian13+nmu1 <none>
2017-03-18 10:24:58 status unpacked lsb-base:all 4.1+Debian13+nmu1
2017-03-18 10:24:58 status half-configured lsb-base:all 4.1+Debian13+nmu1
2017-03-18 10:24:58 status installed lsb-base:all 4.1+Debian13+nmu1
2017-03-18 10:24:58 configure sensible-utils:all 0.0.9 <none>
2017-03-18 10:24:58 status unpacked sensible-utils:all 0.0.9
2017-03-18 10:24:58 status half-configured sensible-utils:all 0.0.9
2017-03-18 10:24:58 status installed sensible-utils:all 0.0.9
2017-03-18 10:24:58 configure ncurses-base:all 5.9+20140913-1 <none>
2017-03-18 10:24:58 status unpacked ncurses-base:all 5.9+20140913-1
2017-03-18 10:24:58 status half-configured ncurses-base:all 5.9+20140913-1
2017-03-18 10:24:58 status installed ncurses-base:all 5.9+20140913-1
2017-03-18 10:24:58 configure libsemanage-common:all 2.3-1 <none>
2017-03-18 10:24:58 status unpacked libsemanage-common:all 2.3-1
2017-03-18 10:24:58 status half-configured libsemanage-common:all 2.3-1
2017-03-18 10:24:58 status installed libsemanage-common:all 2.3-1
2017-03-18 10:24:58 configure gcc-4.9-base:amd64 4.9.2-10 <none>
2017-03-18 10:24:58 status unpacked gcc-4.9-base:amd64 4.9.2-10
2017-03-18 10:24:59 status half-configured gcc-4.9-base:amd64 4.9.2-10
2017-03-18 10:24:59 status installed gcc-4.9-base:amd64 4.9.2-10
2017-03-18 10:24:59 configure libaudit-common:all 1:2.4-1 <none>
2017-03-18 10:24:59 status unpacked libaudit-common:all 1:2.4-1
2017-03-18 10:24:59 status half-configured libaudit-common:all 1:2.4-1
2017-03-18 10:24:59 status installed libaudit-common:all 1:2.4-1
2017-03-18 10:24:59 configure multiarch-support:amd64 2.19-18+deb8u7 <none>
2017-03-18 10:24:59 status unpacked multiarch-support:amd64 2.19-18+deb8u7
2017-03-18 10:24:59 status half-configured multiarch-support:amd64 2.19-18+deb8u7
2017-03-18 10:24:59 status installed multiarch-support:amd64 2.19-18+deb8u7
2017-03-18 10:24:59 configure libc6:amd64 2.19-18+deb8u7 <none>
2017-03-18 10:24:59 status unpacked libc6:amd64 2.19-18+deb8u7
2017-03-18 10:24:59 status half-configured libc6:amd64 2.19-18+deb8u7
2017-03-18 10:25:00 status installed libc6:amd64 2.19-18+deb8u7
2017-03-18 10:25:00 configure libprocps3:amd64 2:3.3.9-9 <none>
2017-03-18 10:25:00 status unpacked libprocps3:amd64 2:3.3.9-9
2017-03-18 10:25:01 status half-configured libprocps3:amd64 2:3.3.9-9
2017-03-18 10:25:01 status installed libprocps3:amd64 2:3.3.9-9
2017-03-18 10:25:01 configure startpar:amd64 0.59-3 <none>
2017-03-18 10:25:01 status unpacked startpar:amd64 0.59-3
2017-03-18 10:25:01 status half-configured startpar:amd64 0.59-3
2017-03-18 10:25:01 status installed startpar:amd64 0.59-3
2017-03-18 10:25:01 configure libpcre3:amd64 2:8.35-3.3+deb8u4 <none>
2017-03-18 10:25:01 status unpacked libpcre3:amd64 2:8.35-3.3+deb8u4
2017-03-18 10:25:01 status half-configured libpcre3:amd64 2:8.35-3.3+deb8u4
2017-03-18 10:25:01 status installed libpcre3:amd64 2:8.35-3.3+deb8u4
2017-03-18 10:25:01 configure libbsd0:amd64 0.7.0-2 <none>
2017-03-18 10:25:01 status unpacked libbsd0:amd64 0.7.0-2
2017-03-18 10:25:01 status half-configured libbsd0:amd64 0.7.0-2
2017-03-18 10:25:01 status installed libbsd0:amd64 0.7.0-2
2017-03-18 10:25:01 configure libbz2-1.0:amd64 1.0.6-7+b3 <none>
2017-03-18 10:25:01 status unpacked libbz2-1.0:amd64 1.0.6-7+b3
2017-03-18 10:25:02 status half-configured libbz2-1.0:amd64 1.0.6-7+b3
2017-03-18 10:25:02 status installed libbz2-1.0:amd64 1.0.6-7+b3
2017-03-18 10:25:02 configure libkmod2:amd64 18-3 <none>
2017-03-18 10:25:02 status unpacked libkmod2:amd64 18-3
2017-03-18 10:25:02 status half-configured libkmod2:amd64 18-3
2017-03-18 10:25:02 status installed libkmod2:amd64 18-3
2017-03-18 10:25:02 configure libtasn1-6:amd64 4.2-3+deb8u2 <none>
2017-03-18 10:25:02 status unpacked libtasn1-6:amd64 4.2-3+deb8u2
2017-03-18 10:25:02 status half-configured libtasn1-6:amd64 4.2-3+deb8u2
2017-03-18 10:25:02 status installed libtasn1-6:amd64 4.2-3+deb8u2
2017-03-18 10:25:02 configure libgpg-error0:amd64 1.17-3 <none>
2017-03-18 10:25:02 status unpacked libgpg-error0:amd64 1.17-3
2017-03-18 10:25:02 status half-configured libgpg-error0:amd64 1.17-3
2017-03-18 10:25:02 status installed libgpg-error0:amd64 1.17-3
2017-03-18 10:25:03 configure libgmp10:amd64 2:6.0.0+dfsg-6 <none>
2017-03-18 10:25:03 status unpacked libgmp10:amd64 2:6.0.0+dfsg-6
2017-03-18 10:25:03 status half-configured libgmp10:amd64 2:6.0.0+dfsg-6
2017-03-18 10:25:03 status installed libgmp10:amd64 2:6.0.0+dfsg-6
2017-03-18 10:25:03 configure libc-bin:amd64 2.19-18+deb8u7 <none>
2017-03-18 10:25:03 status unpacked libc-bin:amd64 2.19-18+deb8u7
2017-03-18 10:25:03 status half-configured libc-bin:amd64 2.19-18+deb8u7
2017-03-18 10:25:03 status installed libc-bin:amd64 2.19-18+deb8u7
2017-03-18 10:25:03 configure libnettle4:amd64 2.7.1-5+deb8u2 <none>
2017-03-18 10:25:03 status unpacked libnettle4:amd64 2.7.1-5+deb8u2
2017-03-18 10:25:03 status half-configured libnettle4:amd64 2.7.1-5+deb8u2
2017-03-18 10:25:03 status installed libnettle4:amd64 2.7.1-5+deb8u2
2017-03-18 10:25:03 status triggers-pending libc-bin:amd64 2.19-18+deb8u7
2017-03-18 10:25:03 configure libdebconfclient0:amd64 0.192 <none>
2017-03-18 10:25:03 status unpacked libdebconfclient0:amd64 0.192
2017-03-18 10:25:04 status half-configured libdebconfclient0:amd64 0.192
2017-03-18 10:25:04 status installed libdebconfclient0:amd64 0.192
2017-03-18 10:25:04 configure libselinux1:amd64 2.3-2 <none>
2017-03-18 10:25:04 status unpacked libselinux1:amd64 2.3-2
2017-03-18 10:25:04 status half-configured libselinux1:amd64 2.3-2
2017-03-18 10:25:04 status installed libselinux1:amd64 2.3-2
2017-03-18 10:25:04 configure diffutils:amd64 1:3.3-1+b1 <none>
2017-03-18 10:25:04 status unpacked diffutils:amd64 1:3.3-1+b1
2017-03-18 10:25:04 status half-configured diffutils:amd64 1:3.3-1+b1
2017-03-18 10:25:04 status installed diffutils:amd64 1:3.3-1+b1
2017-03-18 10:25:04 configure insserv:amd64 1.14.0-5 <none>
2017-03-18 10:25:04 status unpacked insserv:amd64 1.14.0-5
2017-03-18 10:25:04 status half-configured insserv:amd64 1.14.0-5
2017-03-18 10:25:05 status installed insserv:amd64 1.14.0-5
2017-03-18 10:25:05 configure libffi6:amd64 3.1-2+b2 <none>
2017-03-18 10:25:05 status unpacked libffi6:amd64 3.1-2+b2
2017-03-18 10:25:05 status half-configured libffi6:amd64 3.1-2+b2
2017-03-18 10:25:05 status installed libffi6:amd64 3.1-2+b2
2017-03-18 10:25:05 configure libcomerr2:amd64 1.42.12-2+b1 <none>
2017-03-18 10:25:05 status unpacked libcomerr2:amd64 1.42.12-2+b1
2017-03-18 10:25:05 status half-configured libcomerr2:amd64 1.42.12-2+b1
2017-03-18 10:25:05 status installed libcomerr2:amd64 1.42.12-2+b1
2017-03-18 10:25:05 configure findutils:amd64 4.4.2-9+b1 <none>
2017-03-18 10:25:05 status unpacked findutils:amd64 4.4.2-9+b1
2017-03-18 10:25:05 status half-configured findutils:amd64 4.4.2-9+b1
2017-03-18 10:25:05 status installed findutils:amd64 4.4.2-9+b1
2017-03-18 10:25:05 configure libcap-ng0:amd64 0.7.4-2 <none>
2017-03-18 10:25:05 status unpacked libcap-ng0:amd64 0.7.4-2
2017-03-18 10:25:06 status half-configured libcap-ng0:amd64 0.7.4-2
2017-03-18 10:25:06 status installed libcap-ng0:amd64 0.7.4-2
2017-03-18 10:25:06 configure libkeyutils1:amd64 1.5.9-5+b1 <none>
2017-03-18 10:25:06 status unpacked libkeyutils1:amd64 1.5.9-5+b1
2017-03-18 10:25:06 status half-configured libkeyutils1:amd64 1.5.9-5+b1
2017-03-18 10:25:06 status installed libkeyutils1:amd64 1.5.9-5+b1
2017-03-18 10:25:06 configure net-tools:amd64 1.60-26+b1 <none>
2017-03-18 10:25:06 status unpacked net-tools:amd64 1.60-26+b1
2017-03-18 10:25:06 status half-configured net-tools:amd64 1.60-26+b1
2017-03-18 10:25:06 status installed net-tools:amd64 1.60-26+b1
2017-03-18 10:25:06 configure libslang2:amd64 2.3.0-2 <none>
2017-03-18 10:25:06 status unpacked libslang2:amd64 2.3.0-2
2017-03-18 10:25:06 status half-configured libslang2:amd64 2.3.0-2
2017-03-18 10:25:06 status installed libslang2:amd64 2.3.0-2
2017-03-18 10:25:07 configure libusb-0.1-4:amd64 2:0.1.12-25 <none>
2017-03-18 10:25:07 status unpacked libusb-0.1-4:amd64 2:0.1.12-25
2017-03-18 10:25:07 status half-configured libusb-0.1-4:amd64 2:0.1.12-25
2017-03-18 10:25:07 status installed libusb-0.1-4:amd64 2:0.1.12-25
2017-03-18 10:25:07 configure libsepol1:amd64 2.3-2 <none>
2017-03-18 10:25:07 status unpacked libsepol1:amd64 2.3-2
2017-03-18 10:25:07 status half-configured libsepol1:amd64 2.3-2
2017-03-18 10:25:07 status installed libsepol1:amd64 2.3-2
2017-03-18 10:25:07 configure libdbus-1-3:amd64 1.8.22-0+deb8u1 <none>
2017-03-18 10:25:07 status unpacked libdbus-1-3:amd64 1.8.22-0+deb8u1
2017-03-18 10:25:07 status half-configured libdbus-1-3:amd64 1.8.22-0+deb8u1
2017-03-18 10:25:08 status installed libdbus-1-3:amd64 1.8.22-0+deb8u1
2017-03-18 10:25:08 configure libgcc1:amd64 1:4.9.2-10 <none>
2017-03-18 10:25:08 status unpacked libgcc1:amd64 1:4.9.2-10
2017-03-18 10:25:08 status half-configured libgcc1:amd64 1:4.9.2-10
2017-03-18 10:25:08 status installed libgcc1:amd64 1:4.9.2-10
2017-03-18 10:25:08 configure libustr-1.0-1:amd64 1.0.4-3+b2 <none>
2017-03-18 10:25:08 status unpacked libustr-1.0-1:amd64 1.0.4-3+b2
2017-03-18 10:25:08 status half-configured libustr-1.0-1:amd64 1.0.4-3+b2
2017-03-18 10:25:08 status installed libustr-1.0-1:amd64 1.0.4-3+b2
2017-03-18 10:25:09 configure libwrap0:amd64 7.6.q-25 <none>
2017-03-18 10:25:09 status unpacked libwrap0:amd64 7.6.q-25
2017-03-18 10:25:09 status half-configured libwrap0:amd64 7.6.q-25
2017-03-18 10:25:09 status installed libwrap0:amd64 7.6.q-25
2017-03-18 10:25:09 configure libsmartcols1:amd64 2.25.2-6 <none>
2017-03-18 10:25:09 status unpacked libsmartcols1:amd64 2.25.2-6
2017-03-18 10:25:09 status half-configured libsmartcols1:amd64 2.25.2-6
2017-03-18 10:25:09 status installed libsmartcols1:amd64 2.25.2-6
2017-03-18 10:25:09 configure libaudit1:amd64 1:2.4-1+b1 <none>
2017-03-18 10:25:09 status unpacked libaudit1:amd64 1:2.4-1+b1
2017-03-18 10:25:09 status half-configured libaudit1:amd64 1:2.4-1+b1
2017-03-18 10:25:09 status installed libaudit1:amd64 1:2.4-1+b1
2017-03-18 10:25:09 configure libtinfo5:amd64 5.9+20140913-1+b1 <none>
2017-03-18 10:25:09 status unpacked libtinfo5:amd64 5.9+20140913-1+b1
2017-03-18 10:25:10 status half-configured libtinfo5:amd64 5.9+20140913-1+b1
2017-03-18 10:25:10 status installed libtinfo5:amd64 5.9+20140913-1+b1
2017-03-18 10:25:10 configure libudev1:amd64 215-17+deb8u6 <none>
2017-03-18 10:25:10 status unpacked libudev1:amd64 215-17+deb8u6
2017-03-18 10:25:10 status half-configured libudev1:amd64 215-17+deb8u6
2017-03-18 10:25:10 status installed libudev1:amd64 215-17+deb8u6
2017-03-18 10:25:10 configure kmod:amd64 18-3 <none>
2017-03-18 10:25:10 status unpacked kmod:amd64 18-3
2017-03-18 10:25:10 status half-configured kmod:amd64 18-3
2017-03-18 10:25:10 status installed kmod:amd64 18-3
2017-03-18 10:25:10 configure libattr1:amd64 1:2.4.47-2 <none>
2017-03-18 10:25:10 status unpacked libattr1:amd64 1:2.4.47-2
2017-03-18 10:25:10 status half-configured libattr1:amd64 1:2.4.47-2
2017-03-18 10:25:10 status installed libattr1:amd64 1:2.4.47-2
2017-03-18 10:25:11 configure libss2:amd64 1.42.12-2+b1 <none>
2017-03-18 10:25:11 status unpacked libss2:amd64 1.42.12-2+b1
2017-03-18 10:25:11 status half-configured libss2:amd64 1.42.12-2+b1
2017-03-18 10:25:11 status installed libss2:amd64 1.42.12-2+b1
2017-03-18 10:25:11 configure libexpat1:amd64 2.1.0-6+deb8u3 <none>
2017-03-18 10:25:11 status unpacked libexpat1:amd64 2.1.0-6+deb8u3
2017-03-18 10:25:11 status half-configured libexpat1:amd64 2.1.0-6+deb8u3
2017-03-18 10:25:11 status installed libexpat1:amd64 2.1.0-6+deb8u3
2017-03-18 10:25:11 configure liblzma5:amd64 5.1.1alpha+20120614-2+b3 <none>
2017-03-18 10:25:11 status unpacked liblzma5:amd64 5.1.1alpha+20120614-2+b3
2017-03-18 10:25:11 status half-configured liblzma5:amd64 5.1.1alpha+20120614-2+b3
2017-03-18 10:25:11 status installed liblzma5:amd64 5.1.1alpha+20120614-2+b3
2017-03-18 10:25:11 configure libhogweed2:amd64 2.7.1-5+deb8u2 <none>
2017-03-18 10:25:11 status unpacked libhogweed2:amd64 2.7.1-5+deb8u2
2017-03-18 10:25:11 status half-configured libhogweed2:amd64 2.7.1-5+deb8u2
2017-03-18 10:25:12 status installed libhogweed2:amd64 2.7.1-5+deb8u2
2017-03-18 10:25:12 configure dosfstools:amd64 3.0.27-1 <none>
2017-03-18 10:25:12 status unpacked dosfstools:amd64 3.0.27-1
2017-03-18 10:25:12 status half-configured dosfstools:amd64 3.0.27-1
2017-03-18 10:25:12 status installed dosfstools:amd64 3.0.27-1
2017-03-18 10:25:12 configure base-passwd:amd64 3.5.37 <none>
2017-03-18 10:25:12 status unpacked base-passwd:amd64 3.5.37
2017-03-18 10:25:12 status half-configured base-passwd:amd64 3.5.37
2017-03-18 10:25:12 status installed base-passwd:amd64 3.5.37
2017-03-18 10:25:12 configure e2fslibs:amd64 1.42.12-2+b1 <none>
2017-03-18 10:25:12 status unpacked e2fslibs:amd64 1.42.12-2+b1
2017-03-18 10:25:12 status half-configured e2fslibs:amd64 1.42.12-2+b1
2017-03-18 10:25:13 status installed e2fslibs:amd64 1.42.12-2+b1
2017-03-18 10:25:13 configure debianutils:amd64 4.4+b1 <none>
2017-03-18 10:25:13 status unpacked debianutils:amd64 4.4+b1
2017-03-18 10:25:13 status half-configured debianutils:amd64 4.4+b1
2017-03-18 10:25:13 status installed debianutils:amd64 4.4+b1
2017-03-18 10:25:13 configure libgcrypt20:amd64 1.6.3-2+deb8u2 <none>
2017-03-18 10:25:13 status unpacked libgcrypt20:amd64 1.6.3-2+deb8u2
2017-03-18 10:25:13 status half-configured libgcrypt20:amd64 1.6.3-2+deb8u2
2017-03-18 10:25:13 status installed libgcrypt20:amd64 1.6.3-2+deb8u2
2017-03-18 10:25:13 configure libncursesw5:amd64 5.9+20140913-1+b1 <none>
2017-03-18 10:25:13 status unpacked libncursesw5:amd64 5.9+20140913-1+b1
2017-03-18 10:25:13 status half-configured libncursesw5:amd64 5.9+20140913-1+b1
2017-03-18 10:25:14 status installed libncursesw5:amd64 5.9+20140913-1+b1
2017-03-18 10:25:14 configure libdb5.3:amd64 5.3.28-9 <none>
2017-03-18 10:25:14 status unpacked libdb5.3:amd64 5.3.28-9
2017-03-18 10:25:14 status half-configured libdb5.3:amd64 5.3.28-9
2017-03-18 10:25:14 status installed libdb5.3:amd64 5.3.28-9
2017-03-18 10:25:14 configure zlib1g:amd64 1:1.2.8.dfsg-2+b1 <none>
2017-03-18 10:25:14 status unpacked zlib1g:amd64 1:1.2.8.dfsg-2+b1
2017-03-18 10:25:14 status half-configured zlib1g:amd64 1:1.2.8.dfsg-2+b1
2017-03-18 10:25:14 status installed zlib1g:amd64 1:1.2.8.dfsg-2+b1
2017-03-18 10:25:14 configure hostname:amd64 3.15 <none>
2017-03-18 10:25:14 status unpacked hostname:amd64 3.15
2017-03-18 10:25:14 status half-configured hostname:amd64 3.15
2017-03-18 10:25:14 status installed hostname:amd64 3.15
2017-03-18 10:25:14 configure mawk:amd64 1.3.3-17 <none>
2017-03-18 10:25:14 status unpacked mawk:amd64 1.3.3-17
2017-03-18 10:25:14 status half-configured mawk:amd64 1.3.3-17
2017-03-18 10:25:15 status installed mawk:amd64 1.3.3-17
2017-03-18 10:25:15 configure gpgv:amd64 1.4.18-7+deb8u3 <none>
2017-03-18 10:25:15 status unpacked gpgv:amd64 1.4.18-7+deb8u3
2017-03-18 10:25:15 status half-configured gpgv:amd64 1.4.18-7+deb8u3
2017-03-18 10:25:15 status installed gpgv:amd64 1.4.18-7+deb8u3
2017-03-18 10:25:15 configure libcap2:amd64 1:2.24-8 <none>
2017-03-18 10:25:15 status unpacked libcap2:amd64 1:2.24-8
2017-03-18 10:25:15 status half-configured libcap2:amd64 1:2.24-8
2017-03-18 10:25:15 status installed libcap2:amd64 1:2.24-8
2017-03-18 10:25:15 configure libsystemd0:amd64 215-17+deb8u6 <none>
2017-03-18 10:25:15 status unpacked libsystemd0:amd64 215-17+deb8u6
2017-03-18 10:25:15 status half-configured libsystemd0:amd64 215-17+deb8u6
2017-03-18 10:25:15 status installed libsystemd0:amd64 215-17+deb8u6
2017-03-18 10:25:15 configure libdevmapper1.02.1:amd64 2:1.02.90-2.2+deb8u1 <none>
2017-03-18 10:25:15 status unpacked libdevmapper1.02.1:amd64 2:1.02.90-2.2+deb8u1
2017-03-18 10:25:15 status half-configured libdevmapper1.02.1:amd64 2:1.02.90-2.2+deb8u1
2017-03-18 10:25:16 status installed libdevmapper1.02.1:amd64 2:1.02.90-2.2+deb8u1
2017-03-18 10:25:16 configure iproute2:amd64 3.16.0-2 <none>
2017-03-18 10:25:16 status unpacked iproute2:amd64 3.16.0-2
2017-03-18 10:25:16 status half-configured iproute2:amd64 3.16.0-2
2017-03-18 10:25:16 status installed iproute2:amd64 3.16.0-2
2017-03-18 10:25:16 configure libkrb5support0:amd64 1.12.1+dfsg-19+deb8u2 <none>
2017-03-18 10:25:16 status unpacked libkrb5support0:amd64 1.12.1+dfsg-19+deb8u2
2017-03-18 10:25:16 status half-configured libkrb5support0:amd64 1.12.1+dfsg-19+deb8u2
2017-03-18 10:25:16 status installed libkrb5support0:amd64 1.12.1+dfsg-19+deb8u2
2017-03-18 10:25:16 configure base-files:amd64 8+deb8u7 <none>
2017-03-18 10:25:16 status unpacked base-files:amd64 8+deb8u7
2017-03-18 10:25:16 status half-configured base-files:amd64 8+deb8u7
2017-03-18 10:25:16 status installed base-files:amd64 8+deb8u7
2017-03-18 10:25:17 configure libsemanage1:amd64 2.3-1+b1 <none>
2017-03-18 10:25:17 status unpacked libsemanage1:amd64 2.3-1+b1
2017-03-18 10:25:17 status half-configured libsemanage1:amd64 2.3-1+b1
2017-03-18 10:25:17 status installed libsemanage1:amd64 2.3-1+b1
2017-03-18 10:25:17 configure sysvinit-utils:amd64 2.88dsf-59 <none>
2017-03-18 10:25:17 status unpacked sysvinit-utils:amd64 2.88dsf-59
2017-03-18 10:25:17 status half-configured sysvinit-utils:amd64 2.88dsf-59
2017-03-18 10:25:17 status installed sysvinit-utils:amd64 2.88dsf-59
2017-03-18 10:25:17 configure debian-archive-keyring:all 2014.3 <none>
2017-03-18 10:25:17 status unpacked debian-archive-keyring:all 2014.3
2017-03-18 10:25:17 status half-configured debian-archive-keyring:all 2014.3
2017-03-18 10:25:17 status installed debian-archive-keyring:all 2014.3
2017-03-18 10:25:17 configure libp11-kit0:amd64 0.20.7-1 <none>
2017-03-18 10:25:17 status unpacked libp11-kit0:amd64 0.20.7-1
2017-03-18 10:25:17 status half-configured libp11-kit0:amd64 0.20.7-1
2017-03-18 10:25:18 status installed libp11-kit0:amd64 0.20.7-1
2017-03-18 10:25:18 configure libgnutls-deb0-28:amd64 3.3.8-6+deb8u4 <none>
2017-03-18 10:25:18 status unpacked libgnutls-deb0-28:amd64 3.3.8-6+deb8u4
2017-03-18 10:25:18 status half-configured libgnutls-deb0-28:amd64 3.3.8-6+deb8u4
2017-03-18 10:25:18 status installed libgnutls-deb0-28:amd64 3.3.8-6+deb8u4
2017-03-18 10:25:18 configure libstdc++6:amd64 4.9.2-10 <none>
2017-03-18 10:25:18 status unpacked libstdc++6:amd64 4.9.2-10
2017-03-18 10:25:18 status half-configured libstdc++6:amd64 4.9.2-10
2017-03-18 10:25:18 status installed libstdc++6:amd64 4.9.2-10
2017-03-18 10:25:18 configure libpci3:amd64 1:3.2.1-3 <none>
2017-03-18 10:25:18 status unpacked libpci3:amd64 1:3.2.1-3
2017-03-18 10:25:18 status half-configured libpci3:amd64 1:3.2.1-3
2017-03-18 10:25:18 status installed libpci3:amd64 1:3.2.1-3
2017-03-18 10:25:18 configure libacl1:amd64 2.2.52-2 <none>
2017-03-18 10:25:18 status unpacked libacl1:amd64 2.2.52-2
2017-03-18 10:25:19 status half-configured libacl1:amd64 2.2.52-2
2017-03-18 10:25:19 status installed libacl1:amd64 2.2.52-2
2017-03-18 10:25:19 configure ncurses-bin:amd64 5.9+20140913-1+b1 <none>
2017-03-18 10:25:19 status unpacked ncurses-bin:amd64 5.9+20140913-1+b1
2017-03-18 10:25:19 status half-configured ncurses-bin:amd64 5.9+20140913-1+b1
2017-03-18 10:25:19 status installed ncurses-bin:amd64 5.9+20140913-1+b1
2017-03-18 10:25:19 configure acl:amd64 2.2.52-2 <none>
2017-03-18 10:25:19 status unpacked acl:amd64 2.2.52-2
2017-03-18 10:25:19 status half-configured acl:amd64 2.2.52-2
2017-03-18 10:25:19 status installed acl:amd64 2.2.52-2
2017-03-18 10:25:19 configure libapt-pkg4.12:amd64 1.0.9.8.4 <none>
2017-03-18 10:25:19 status unpacked libapt-pkg4.12:amd64 1.0.9.8.4
2017-03-18 10:25:19 status half-configured libapt-pkg4.12:amd64 1.0.9.8.4
2017-03-18 10:25:19 status installed libapt-pkg4.12:amd64 1.0.9.8.4
2017-03-18 10:25:19 configure libedit2:amd64 3.1-20140620-2 <none>
2017-03-18 10:25:19 status unpacked libedit2:amd64 3.1-20140620-2
2017-03-18 10:25:20 status half-configured libedit2:amd64 3.1-20140620-2
2017-03-18 10:25:20 status installed libedit2:amd64 3.1-20140620-2
2017-03-18 10:25:20 configure libncurses5:amd64 5.9+20140913-1+b1 <none>
2017-03-18 10:25:20 status unpacked libncurses5:amd64 5.9+20140913-1+b1
2017-03-18 10:25:20 status half-configured libncurses5:amd64 5.9+20140913-1+b1
2017-03-18 10:25:20 status installed libncurses5:amd64 5.9+20140913-1+b1
2017-03-18 10:25:20 configure libk5crypto3:amd64 1.12.1+dfsg-19+deb8u2 <none>
2017-03-18 10:25:20 status unpacked libk5crypto3:amd64 1.12.1+dfsg-19+deb8u2
2017-03-18 10:25:20 status half-configured libk5crypto3:amd64 1.12.1+dfsg-19+deb8u2
2017-03-18 10:25:20 status installed libk5crypto3:amd64 1.12.1+dfsg-19+deb8u2
2017-03-18 10:25:21 configure dialog:amd64 1.2-20140911-1 <none>
2017-03-18 10:25:21 status unpacked dialog:amd64 1.2-20140911-1
2017-03-18 10:25:21 status half-configured dialog:amd64 1.2-20140911-1
2017-03-18 10:25:21 status installed dialog:amd64 1.2-20140911-1
2017-03-18 10:25:21 configure libcap2-bin:amd64 1:2.24-8 <none>
2017-03-18 10:25:21 status unpacked libcap2-bin:amd64 1:2.24-8
2017-03-18 10:25:21 status half-configured libcap2-bin:amd64 1:2.24-8
2017-03-18 10:25:21 status installed libcap2-bin:amd64 1:2.24-8
2017-03-18 10:25:21 configure iproute:all 1:3.16.0-2 <none>
2017-03-18 10:25:21 status unpacked iproute:all 1:3.16.0-2
2017-03-18 10:25:21 status half-configured iproute:all 1:3.16.0-2
2017-03-18 10:25:21 status installed iproute:all 1:3.16.0-2
2017-03-18 10:25:21 configure bsdutils:amd64 1:2.25.2-6 <none>
2017-03-18 10:25:21 status unpacked bsdutils:amd64 1:2.25.2-6
2017-03-18 10:25:21 status half-configured bsdutils:amd64 1:2.25.2-6
2017-03-18 10:25:21 status installed bsdutils:amd64 1:2.25.2-6
2017-03-18 10:25:22 configure coreutils:amd64 8.23-4 <none>
2017-03-18 10:25:22 status unpacked coreutils:amd64 8.23-4
2017-03-18 10:25:22 status half-configured coreutils:amd64 8.23-4
2017-03-18 10:25:22 status installed coreutils:amd64 8.23-4
2017-03-18 10:25:22 configure tar:amd64 1.27.1-2+deb8u1 <none>
2017-03-18 10:25:22 status unpacked tar:amd64 1.27.1-2+deb8u1
2017-03-18 10:25:22 status half-configured tar:amd64 1.27.1-2+deb8u1
2017-03-18 10:25:22 status installed tar:amd64 1.27.1-2+deb8u1
2017-03-18 10:25:22 configure libapt-inst1.5:amd64 1.0.9.8.4 <none>
2017-03-18 10:25:22 status unpacked libapt-inst1.5:amd64 1.0.9.8.4
2017-03-18 10:25:22 status half-configured libapt-inst1.5:amd64 1.0.9.8.4
2017-03-18 10:25:22 status installed libapt-inst1.5:amd64 1.0.9.8.4
2017-03-18 10:25:22 configure libgnutls-openssl27:amd64 3.3.8-6+deb8u4 <none>
2017-03-18 10:25:22 status unpacked libgnutls-openssl27:amd64 3.3.8-6+deb8u4
2017-03-18 10:25:23 status half-configured libgnutls-openssl27:amd64 3.3.8-6+deb8u4
2017-03-18 10:25:23 status installed libgnutls-openssl27:amd64 3.3.8-6+deb8u4
2017-03-18 10:25:23 configure dpkg:amd64 1.17.27 <none>
2017-03-18 10:25:23 status unpacked dpkg:amd64 1.17.27
2017-03-18 10:25:23 status half-configured dpkg:amd64 1.17.27
2017-03-18 10:25:23 status installed dpkg:amd64 1.17.27
2017-03-18 10:25:23 configure pciutils:amd64 1:3.2.1-3 <none>
2017-03-18 10:25:23 status unpacked pciutils:amd64 1:3.2.1-3
2017-03-18 10:25:23 status half-configured pciutils:amd64 1:3.2.1-3
2017-03-18 10:25:23 status installed pciutils:amd64 1:3.2.1-3
2017-03-18 10:25:23 configure libkrb5-3:amd64 1.12.1+dfsg-19+deb8u2 <none>
2017-03-18 10:25:23 status unpacked libkrb5-3:amd64 1.12.1+dfsg-19+deb8u2
2017-03-18 10:25:23 status half-configured libkrb5-3:amd64 1.12.1+dfsg-19+deb8u2
2017-03-18 10:25:23 status installed libkrb5-3:amd64 1.12.1+dfsg-19+deb8u2
2017-03-18 10:25:25 configure sed:amd64 4.2.2-4+deb8u1 <none>
2017-03-18 10:25:25 status unpacked sed:amd64 4.2.2-4+deb8u1
2017-03-18 10:25:26 status half-configured sed:amd64 4.2.2-4+deb8u1
2017-03-18 10:25:27 status installed sed:amd64 4.2.2-4+deb8u1
2017-03-18 10:25:28 configure iputils-ping:amd64 3:20121221-5+b2 <none>
2017-03-18 10:25:28 status unpacked iputils-ping:amd64 3:20121221-5+b2
2017-03-18 10:25:29 status half-configured iputils-ping:amd64 3:20121221-5+b2
2017-03-18 10:25:29 status installed iputils-ping:amd64 3:20121221-5+b2
2017-03-18 10:25:29 configure readline-common:all 6.3-8 <none>
2017-03-18 10:25:29 status unpacked readline-common:all 6.3-8
2017-03-18 10:25:29 status half-configured readline-common:all 6.3-8
2017-03-18 10:25:30 status installed readline-common:all 6.3-8
2017-03-18 10:25:30 configure libgdbm3:amd64 1.8.3-13.1 <none>
2017-03-18 10:25:30 status unpacked libgdbm3:amd64 1.8.3-13.1
2017-03-18 10:25:30 status half-configured libgdbm3:amd64 1.8.3-13.1
2017-03-18 10:25:30 status installed libgdbm3:amd64 1.8.3-13.1
2017-03-18 10:25:30 configure perl-base:amd64 5.20.2-3+deb8u6 <none>
2017-03-18 10:25:30 status unpacked perl-base:amd64 5.20.2-3+deb8u6
2017-03-18 10:25:30 status half-configured perl-base:amd64 5.20.2-3+deb8u6
2017-03-18 10:25:30 status installed perl-base:amd64 5.20.2-3+deb8u6
2017-03-18 10:25:30 configure grep:amd64 2.20-4.1 <none>
2017-03-18 10:25:30 status unpacked grep:amd64 2.20-4.1
2017-03-18 10:25:30 status half-configured grep:amd64 2.20-4.1
2017-03-18 10:25:30 status installed grep:amd64 2.20-4.1
2017-03-18 10:25:30 configure debconf:all 1.5.56 <none>
2017-03-18 10:25:30 status unpacked debconf:all 1.5.56
2017-03-18 10:25:30 status half-configured debconf:all 1.5.56
2017-03-18 10:25:31 status installed debconf:all 1.5.56
2017-03-18 10:25:31 configure tzdata:all 2016j-0+deb8u1 <none>
2017-03-18 10:25:31 status unpacked tzdata:all 2016j-0+deb8u1
2017-03-18 10:25:31 status half-configured tzdata:all 2016j-0+deb8u1
2017-03-18 10:25:31 status installed tzdata:all 2016j-0+deb8u1
2017-03-18 10:25:31 configure gzip:amd64 1.6-4 <none>
2017-03-18 10:25:31 status unpacked gzip:amd64 1.6-4
2017-03-18 10:25:31 status half-configured gzip:amd64 1.6-4
2017-03-18 10:25:31 status installed gzip:amd64 1.6-4
2017-03-18 10:25:31 configure dash:amd64 0.5.7-4+b1 <none>
2017-03-18 10:25:31 status unpacked dash:amd64 0.5.7-4+b1
2017-03-18 10:25:31 status half-configured dash:amd64 0.5.7-4+b1
2017-03-18 10:25:31 status installed dash:amd64 0.5.7-4+b1
2017-03-18 10:25:32 configure perl-modules:all 5.20.2-3+deb8u6 <none>
2017-03-18 10:25:32 status unpacked perl-modules:all 5.20.2-3+deb8u6
2017-03-18 10:25:32 status half-configured perl-modules:all 5.20.2-3+deb8u6
2017-03-18 10:25:32 status installed perl-modules:all 5.20.2-3+deb8u6
2017-03-18 10:25:32 configure libgssapi-krb5-2:amd64 1.12.1+dfsg-19+deb8u2 <none>
2017-03-18 10:25:32 status unpacked libgssapi-krb5-2:amd64 1.12.1+dfsg-19+deb8u2
2017-03-18 10:25:32 status half-configured libgssapi-krb5-2:amd64 1.12.1+dfsg-19+deb8u2
2017-03-18 10:25:32 status installed libgssapi-krb5-2:amd64 1.12.1+dfsg-19+deb8u2
2017-03-18 10:25:32 configure perl:amd64 5.20.2-3+deb8u6 <none>
2017-03-18 10:25:32 status unpacked perl:amd64 5.20.2-3+deb8u6
2017-03-18 10:25:32 status half-configured perl:amd64 5.20.2-3+deb8u6
2017-03-18 10:25:32 status installed perl:amd64 5.20.2-3+deb8u6
2017-03-18 10:25:32 configure nano:amd64 2.2.6-3 <none>
2017-03-18 10:25:32 status unpacked nano:amd64 2.2.6-3
2017-03-18 10:25:32 status half-configured nano:amd64 2.2.6-3
2017-03-18 10:25:33 status installed nano:amd64 2.2.6-3
2017-03-18 10:25:33 configure init-system-helpers:all 1.22 <none>
2017-03-18 10:25:33 status unpacked init-system-helpers:all 1.22
2017-03-18 10:25:33 status half-configured init-system-helpers:all 1.22
2017-03-18 10:25:33 status installed init-system-helpers:all 1.22
2017-03-18 10:25:33 configure libtext-iconv-perl:amd64 1.7-5+b2 <none>
2017-03-18 10:25:33 status unpacked libtext-iconv-perl:amd64 1.7-5+b2
2017-03-18 10:25:33 status half-configured libtext-iconv-perl:amd64 1.7-5+b2
2017-03-18 10:25:33 status installed libtext-iconv-perl:amd64 1.7-5+b2
2017-03-18 10:25:33 configure sysv-rc:all 2.88dsf-59 <none>
2017-03-18 10:25:33 status unpacked sysv-rc:all 2.88dsf-59
2017-03-18 10:25:33 status half-configured sysv-rc:all 2.88dsf-59
2017-03-18 10:25:33 status installed sysv-rc:all 2.88dsf-59
2017-03-18 10:25:33 configure liblocale-gettext-perl:amd64 1.05-8+b1 <none>
2017-03-18 10:25:33 status unpacked liblocale-gettext-perl:amd64 1.05-8+b1
2017-03-18 10:25:34 status half-configured liblocale-gettext-perl:amd64 1.05-8+b1
2017-03-18 10:25:34 status installed liblocale-gettext-perl:amd64 1.05-8+b1
2017-03-18 10:25:34 configure libtext-charwidth-perl:amd64 0.04-7+b3 <none>
2017-03-18 10:25:34 status unpacked libtext-charwidth-perl:amd64 0.04-7+b3
2017-03-18 10:25:34 status half-configured libtext-charwidth-perl:amd64 0.04-7+b3
2017-03-18 10:25:34 status installed libtext-charwidth-perl:amd64 0.04-7+b3
2017-03-18 10:25:34 configure libpam0g:amd64 1.1.8-3.1+deb8u2 <none>
2017-03-18 10:25:34 status unpacked libpam0g:amd64 1.1.8-3.1+deb8u2
2017-03-18 10:25:34 status half-configured libpam0g:amd64 1.1.8-3.1+deb8u2
2017-03-18 10:25:34 status installed libpam0g:amd64 1.1.8-3.1+deb8u2
2017-03-18 10:25:34 configure libreadline6:amd64 6.3-8+b3 <none>
2017-03-18 10:25:34 status unpacked libreadline6:amd64 6.3-8+b3
2017-03-18 10:25:34 status half-configured libreadline6:amd64 6.3-8+b3
2017-03-18 10:25:35 status installed libreadline6:amd64 6.3-8+b3
2017-03-18 10:25:35 configure libpam-modules-bin:amd64 1.1.8-3.1+deb8u2 <none>
2017-03-18 10:25:35 status unpacked libpam-modules-bin:amd64 1.1.8-3.1+deb8u2
2017-03-18 10:25:35 status half-configured libpam-modules-bin:amd64 1.1.8-3.1+deb8u2
2017-03-18 10:25:35 status installed libpam-modules-bin:amd64 1.1.8-3.1+deb8u2
2017-03-18 10:25:35 configure libssl1.0.0:amd64 1.0.1t-1+deb8u5 <none>
2017-03-18 10:25:35 status unpacked libssl1.0.0:amd64 1.0.1t-1+deb8u5
2017-03-18 10:25:35 status half-configured libssl1.0.0:amd64 1.0.1t-1+deb8u5
2017-03-18 10:25:35 status installed libssl1.0.0:amd64 1.0.1t-1+deb8u5
2017-03-18 10:25:35 configure bash:amd64 4.3-11+deb8u1 <none>
2017-03-18 10:25:35 status unpacked bash:amd64 4.3-11+deb8u1
2017-03-18 10:25:35 status half-configured bash:amd64 4.3-11+deb8u1
2017-03-18 10:25:36 status installed bash:amd64 4.3-11+deb8u1
2017-03-18 10:25:36 configure gnupg:amd64 1.4.18-7+deb8u3 <none>
2017-03-18 10:25:36 status unpacked gnupg:amd64 1.4.18-7+deb8u3
2017-03-18 10:25:36 status half-configured gnupg:amd64 1.4.18-7+deb8u3
2017-03-18 10:25:36 status installed gnupg:amd64 1.4.18-7+deb8u3
2017-03-18 10:25:36 configure libtext-wrapi18n-perl:all 0.06-7 <none>
2017-03-18 10:25:36 status unpacked libtext-wrapi18n-perl:all 0.06-7
2017-03-18 10:25:36 status half-configured libtext-wrapi18n-perl:all 0.06-7
2017-03-18 10:25:36 status installed libtext-wrapi18n-perl:all 0.06-7
2017-03-18 10:25:36 configure apt:amd64 1.0.9.8.4 <none>
2017-03-18 10:25:36 status unpacked apt:amd64 1.0.9.8.4
2017-03-18 10:25:36 status half-configured apt:amd64 1.0.9.8.4
2017-03-18 10:25:36 status installed apt:amd64 1.0.9.8.4
2017-03-18 10:25:36 configure libpam-modules:amd64 1.1.8-3.1+deb8u2 <none>
2017-03-18 10:25:36 status unpacked libpam-modules:amd64 1.1.8-3.1+deb8u2
2017-03-18 10:25:36 status half-configured libpam-modules:amd64 1.1.8-3.1+deb8u2
2017-03-18 10:25:37 status installed libpam-modules:amd64 1.1.8-3.1+deb8u2
2017-03-18 10:25:37 configure libpam-runtime:all 1.1.8-3.1+deb8u2 <none>
2017-03-18 10:25:37 status unpacked libpam-runtime:all 1.1.8-3.1+deb8u2
2017-03-18 10:25:37 status half-configured libpam-runtime:all 1.1.8-3.1+deb8u2
2017-03-18 10:25:37 status installed libpam-runtime:all 1.1.8-3.1+deb8u2
2017-03-18 10:25:37 configure apt-utils:amd64 1.0.9.8.4 <none>
2017-03-18 10:25:37 status unpacked apt-utils:amd64 1.0.9.8.4
2017-03-18 10:25:37 status half-configured apt-utils:amd64 1.0.9.8.4
2017-03-18 10:25:37 status installed apt-utils:amd64 1.0.9.8.4
2017-03-18 10:25:37 configure debconf-i18n:all 1.5.56 <none>
2017-03-18 10:25:37 status unpacked debconf-i18n:all 1.5.56
2017-03-18 10:25:37 status half-configured debconf-i18n:all 1.5.56
2017-03-18 10:25:37 status installed debconf-i18n:all 1.5.56
2017-03-18 10:25:38 configure passwd:amd64 1:4.2-3+deb8u1 <none>
2017-03-18 10:25:38 status unpacked passwd:amd64 1:4.2-3+deb8u1
2017-03-18 10:25:38 status half-configured passwd:amd64 1:4.2-3+deb8u1
2017-03-18 10:25:38 status installed passwd:amd64 1:4.2-3+deb8u1
2017-03-18 10:25:38 configure login:amd64 1:4.2-3+deb8u1 <none>
2017-03-18 10:25:38 status unpacked login:amd64 1:4.2-3+deb8u1
2017-03-18 10:25:38 status half-configured login:amd64 1:4.2-3+deb8u1
2017-03-18 10:25:38 status installed login:amd64 1:4.2-3+deb8u1
2017-03-18 10:25:38 configure adduser:all 3.113+nmu3 <none>
2017-03-18 10:25:38 status unpacked adduser:all 3.113+nmu3
2017-03-18 10:25:39 status half-configured adduser:all 3.113+nmu3
2017-03-18 10:25:39 status installed adduser:all 3.113+nmu3
2017-03-18 10:25:39 configure openssh-client:amd64 1:6.7p1-5+deb8u3 <none>
2017-03-18 10:25:39 status unpacked openssh-client:amd64 1:6.7p1-5+deb8u3
2017-03-18 10:25:39 status half-configured openssh-client:amd64 1:6.7p1-5+deb8u3
2017-03-18 10:25:39 status installed openssh-client:amd64 1:6.7p1-5+deb8u3
2017-03-18 10:25:39 configure libuuid1:amd64 2.25.2-6 <none>
2017-03-18 10:25:39 status unpacked libuuid1:amd64 2.25.2-6
2017-03-18 10:25:39 status half-configured libuuid1:amd64 2.25.2-6
2017-03-18 10:25:40 status installed libuuid1:amd64 2.25.2-6
2017-03-18 10:25:40 configure libblkid1:amd64 2.25.2-6 <none>
2017-03-18 10:25:40 status unpacked libblkid1:amd64 2.25.2-6
2017-03-18 10:25:40 status half-configured libblkid1:amd64 2.25.2-6
2017-03-18 10:25:40 status installed libblkid1:amd64 2.25.2-6
2017-03-18 10:25:40 configure openssh-sftp-server:amd64 1:6.7p1-5+deb8u3 <none>
2017-03-18 10:25:40 status unpacked openssh-sftp-server:amd64 1:6.7p1-5+deb8u3
2017-03-18 10:25:40 status half-configured openssh-sftp-server:amd64 1:6.7p1-5+deb8u3
2017-03-18 10:25:40 status installed openssh-sftp-server:amd64 1:6.7p1-5+deb8u3
2017-03-18 10:25:40 configure dbus:amd64 1.8.22-0+deb8u1 <none>
2017-03-18 10:25:40 status unpacked dbus:amd64 1.8.22-0+deb8u1
2017-03-18 10:25:40 status half-configured dbus:amd64 1.8.22-0+deb8u1
2017-03-18 10:25:42 status installed dbus:amd64 1.8.22-0+deb8u1
2017-03-18 10:25:42 configure libmount1:amd64 2.25.2-6 <none>
2017-03-18 10:25:42 status unpacked libmount1:amd64 2.25.2-6
2017-03-18 10:25:42 status half-configured libmount1:amd64 2.25.2-6
2017-03-18 10:25:42 status installed libmount1:amd64 2.25.2-6
2017-03-18 10:25:42 configure libcryptsetup4:amd64 2:1.6.6-5 <none>
2017-03-18 10:25:42 status unpacked libcryptsetup4:amd64 2:1.6.6-5
2017-03-18 10:25:42 status half-configured libcryptsetup4:amd64 2:1.6.6-5
2017-03-18 10:25:42 status installed libcryptsetup4:amd64 2:1.6.6-5
2017-03-18 10:25:42 configure mount:amd64 2.25.2-6 <none>
2017-03-18 10:25:42 status unpacked mount:amd64 2.25.2-6
2017-03-18 10:25:42 status half-configured mount:amd64 2.25.2-6
2017-03-18 10:25:42 status installed mount:amd64 2.25.2-6
2017-03-18 10:25:42 configure initscripts:amd64 2.88dsf-59 <none>
2017-03-18 10:25:42 status unpacked initscripts:amd64 2.88dsf-59
2017-03-18 10:25:42 status half-configured initscripts:amd64 2.88dsf-59
2017-03-18 10:25:43 status installed initscripts:amd64 2.88dsf-59
2017-03-18 10:25:43 configure util-linux:amd64 2.25.2-6 <none>
2017-03-18 10:25:43 status unpacked util-linux:amd64 2.25.2-6
2017-03-18 10:25:43 status half-configured util-linux:amd64 2.25.2-6
2017-03-18 10:25:43 status installed util-linux:amd64 2.25.2-6
2017-03-18 10:25:43 configure ifupdown:amd64 0.7.53.1 <none>
2017-03-18 10:25:43 status unpacked ifupdown:amd64 0.7.53.1
2017-03-18 10:25:43 status half-configured ifupdown:amd64 0.7.53.1
2017-03-18 10:25:44 status installed ifupdown:amd64 0.7.53.1
2017-03-18 10:25:44 configure e2fsprogs:amd64 1.42.12-2+b1 <none>
2017-03-18 10:25:44 status unpacked e2fsprogs:amd64 1.42.12-2+b1
2017-03-18 10:25:44 status half-configured e2fsprogs:amd64 1.42.12-2+b1
2017-03-18 10:25:44 status installed e2fsprogs:amd64 1.42.12-2+b1
2017-03-18 10:25:44 configure procps:amd64 2:3.3.9-9 <none>
2017-03-18 10:25:44 status unpacked procps:amd64 2:3.3.9-9
2017-03-18 10:25:44 status half-configured procps:amd64 2:3.3.9-9
2017-03-18 10:25:44 status installed procps:amd64 2:3.3.9-9
2017-03-18 10:25:44 configure openssh-server:amd64 1:6.7p1-5+deb8u3 <none>
2017-03-18 10:25:44 status unpacked openssh-server:amd64 1:6.7p1-5+deb8u3
2017-03-18 10:25:44 status half-configured openssh-server:amd64 1:6.7p1-5+deb8u3
2017-03-18 10:25:46 status installed openssh-server:amd64 1:6.7p1-5+deb8u3
2017-03-18 10:25:46 configure udev:amd64 215-17+deb8u6 <none>
2017-03-18 10:25:46 status unpacked udev:amd64 215-17+deb8u6
2017-03-18 10:25:46 status half-configured udev:amd64 215-17+deb8u6
2017-03-18 10:25:47 status installed udev:amd64 215-17+deb8u6
2017-03-18 10:25:47 configure systemd:amd64 215-17+deb8u6 <none>
2017-03-18 10:25:47 status unpacked systemd:amd64 215-17+deb8u6
2017-03-18 10:25:47 status half-configured systemd:amd64 215-17+deb8u6
2017-03-18 10:25:52 status installed systemd:amd64 215-17+deb8u6
2017-03-18 10:25:52 configure dmsetup:amd64 2:1.02.90-2.2+deb8u1 <none>
2017-03-18 10:25:52 status unpacked dmsetup:amd64 2:1.02.90-2.2+deb8u1
2017-03-18 10:25:52 status half-configured dmsetup:amd64 2:1.02.90-2.2+deb8u1
2017-03-18 10:25:52 status installed dmsetup:amd64 2:1.02.90-2.2+deb8u1
2017-03-18 10:25:52 configure i2c-tools:amd64 3.1.1-1 <none>
2017-03-18 10:25:52 status unpacked i2c-tools:amd64 3.1.1-1
2017-03-18 10:25:52 status half-configured i2c-tools:amd64 3.1.1-1
2017-03-18 10:25:53 status installed i2c-tools:amd64 3.1.1-1
2017-03-18 10:25:53 configure systemd-sysv:amd64 215-17+deb8u6 <none>
2017-03-18 10:25:53 status unpacked systemd-sysv:amd64 215-17+deb8u6
2017-03-18 10:25:53 status half-configured systemd-sysv:amd64 215-17+deb8u6
2017-03-18 10:25:53 status installed systemd-sysv:amd64 215-17+deb8u6
2017-03-18 10:25:53 configure ssh:all 1:6.7p1-5+deb8u3 <none>
2017-03-18 10:25:53 status unpacked ssh:all 1:6.7p1-5+deb8u3
2017-03-18 10:25:53 status half-configured ssh:all 1:6.7p1-5+deb8u3
2017-03-18 10:25:53 status installed ssh:all 1:6.7p1-5+deb8u3
2017-03-18 10:25:53 configure init:amd64 1.22 <none>
2017-03-18 10:25:53 status unpacked init:amd64 1.22
2017-03-18 10:25:53 status half-configured init:amd64 1.22
2017-03-18 10:25:53 status installed init:amd64 1.22
2017-03-18 10:25:53 trigproc libc-bin:amd64 2.19-18+deb8u7 <none>
2017-03-18 10:25:53 status half-configured libc-bin:amd64 2.19-18+deb8u7
2017-03-18 10:25:53 status installed libc-bin:amd64 2.19-18+deb8u7
